app/build/outputs/logs/manifest-merger-debug-report.txt
-- Merging decision tree log ---
manifest
ADDED from src\main\AndroidManifest.xml:2:1-81:12
	package
		ADDED from src\main\AndroidManifest.xml:3:5-33
		INJECTED from src\main\AndroidManifest.xml
		INJECTED from src\main\AndroidManifest.xml
	android:versionName
		ADDED from src\main\AndroidManifest.xml:5:5-30
		INJECTED from src\main\AndroidManifest.xml
		INJECTED from src\main\AndroidManifest.xml
	android:versionCode
		ADDED from src\main\AndroidManifest.xml:4:5-28
		INJECTED from src\main\AndroidManifest.xml
		INJECTED from src\main\AndroidManifest.xml
	xmlns:android
		ADDED from src\main\AndroidManifest.xml:2:11-69
uses-sdk
ADDED from src\main\AndroidManifest.xml:7:5-9:41
	android:targetSdkVersion
		ADDED from src\main\AndroidManifest.xml:9:9-38
		INJECTED from src\main\AndroidManifest.xml
		INJECTED from src\main\AndroidManifest.xml
	android:minSdkVersion
		ADDED from src\main\AndroidManifest.xml:8:9-35
		INJECTED from src\main\AndroidManifest.xml
		INJECTED from src\main\AndroidManifest.xml
uses-permission#android.permission.BLUETOOTH
ADDED from src\main\AndroidManifest.xml:11:5-68
	android:name
		ADDED from src\main\AndroidManifest.xml:11:22-65
uses-permission#android.permission.BLUETOOTH_ADMIN
ADDED from src\main\AndroidManifest.xml:12:5-74
	android:name
		ADDED from src\main\AndroidManifest.xml:12:22-71
uses-permission#android.permission.ACCESS_FINE_LOCATION
ADDED from src\main\AndroidManifest.xml:13:5-79
	android:name
		ADDED from src\main\AndroidManifest.xml:13:22-76
uses-permission#android.permission.ACCESS_COARSE_LOCATION
ADDED from src\main\AndroidManifest.xml:14:5-81
	android:name
		ADDED from src\main\AndroidManifest.xml:14:22-78
uses-permission#android.permission.WRITE_EXTERNAL_STORAGE
ADDED from src\main\AndroidManifest.xml:15:5-81
	android:name
		ADDED from src\main\AndroidManifest.xml:15:22-78
uses-permission#android.permission.READ_PHONE_STATE
ADDED from src\main\AndroidManifest.xml:17:5-75
	android:name
		ADDED from src\main\AndroidManifest.xml:17:22-72
uses-permission#android.permission.READ_EXTERNAL_STORAGE
ADDED from src\main\AndroidManifest.xml:18:5-80
	android:name
		ADDED from src\main\AndroidManifest.xml:18:22-77
uses-permission#android.permission.INTERNET
ADDED from src\main\AndroidManifest.xml:19:5-67
	android:name
		ADDED from src\main\AndroidManifest.xml:19:22-64
application
ADDED from src\main\AndroidManifest.xml:21:5-79:19
	android:label
		ADDED from src\main\AndroidManifest.xml:23:9-34
	android:icon
		ADDED from src\main\AndroidManifest.xml:22:9-45
	android:theme
		ADDED from src\main\AndroidManifest.xml:24:9-40
activity#com.gibio.bt_graph.MainActivity
ADDED from src\main\AndroidManifest.xml:25:9-33:20
	android:label
		ADDED from src\main\AndroidManifest.xml:27:13-56
	android:name
		ADDED from src\main\AndroidManifest.xml:26:13-41
intent-filter#android.intent.action.Grafico+android.intent.category.DEFAULT
ADDED from src\main\AndroidManifest.xml:28:13-32:29
action#android.intent.action.Grafico
ADDED from src\main\AndroidManifest.xml:29:17-72
	android:name
		ADDED from src\main\AndroidManifest.xml:29:25-69
category#android.intent.category.DEFAULT
ADDED from src\main\AndroidManifest.xml:31:17-76
	android:name
		ADDED from src\main\AndroidManifest.xml:31:27-73
activity#com.gibio.bt_graph.Bluetooth
ADDED from src\main\AndroidManifest.xml:34:9-42:20
	android:label
		ADDED from src\main\AndroidManifest.xml:36:13-38
	android:name
		ADDED from src\main\AndroidManifest.xml:35:13-38
intent-filter#android.intent.action.BT1+android.intent.category.DEFAULT
ADDED from src\main\AndroidManifest.xml:37:13-41:29
action#android.intent.action.BT1
ADDED from src\main\AndroidManifest.xml:38:17-68
	android:name
		ADDED from src\main\AndroidManifest.xml:38:25-65
activity#com.gibio.bt_graph.MainMenuActivity
ADDED from src\main\AndroidManifest.xml:43:9-51:20
	android:label
		ADDED from src\main\AndroidManifest.xml:45:13-38
	android:name
		ADDED from src\main\AndroidManifest.xml:44:13-45
intent-filter#android.intent.action.MAIN+android.intent.category.LAUNCHER
ADDED from src\main\AndroidManifest.xml:46:13-50:29
action#android.intent.action.MAIN
ADDED from src\main\AndroidManifest.xml:47:17-69
	android:name
		ADDED from src\main\AndroidManifest.xml:47:25-66
category#android.intent.category.LAUNCHER
ADDED from src\main\AndroidManifest.xml:49:17-77
	android:name
		ADDED from src\main\AndroidManifest.xml:49:27-74
activity#com.gibio.bt_graph.EEG_InstructionsActivity
ADDED from src\main\AndroidManifest.xml:52:9-60:20
	android:label
		ADDED from src\main\AndroidManifest.xml:54:13-55
	android:name
		ADDED from src\main\AndroidManifest.xml:53:13-53
intent-filter#android.intent.action.EEG_Instructions+android.intent.category.DEFAULT
ADDED from src\main\AndroidManifest.xml:55:13-59:29
action#android.intent.action.EEG_Instructions
ADDED from src\main\AndroidManifest.xml:56:17-81
	android:name
		ADDED from src\main\AndroidManifest.xml:56:25-78
activity#com.gibio.bt_graph.IngresoActivity
ADDED from src\main\AndroidManifest.xml:61:9-69:20
	android:label
		ADDED from src\main\AndroidManifest.xml:63:13-48
	android:name
		ADDED from src\main\AndroidManifest.xml:62:13-44
intent-filter#android.intent.action.IngresoActivity+android.intent.category.DEFAULT
ADDED from src\main\AndroidManifest.xml:64:13-68:29
action#android.intent.action.IngresoActivity
ADDED from src\main\AndroidManifest.xml:65:17-80
	android:name
		ADDED from src\main\AndroidManifest.xml:65:25-77
activity#com.gibio.bt_graph.AnamnesisActivity
ADDED from src\main\AndroidManifest.xml:70:9-78:20
	android:label
		ADDED from src\main\AndroidManifest.xml:72:13-51
	android:name
		ADDED from src\main\AndroidManifest.xml:71:13-46
intent-filter#android.intent.action.AnamnesisActivity+android.intent.category.DEFAULT
ADDED from src\main\AndroidManifest.xml:73:13-77:29
action#android.intent.action.AnamnesisActivity
ADDED from src\main\AndroidManifest.xml:74:17-82
	android:name
		ADDED from src\main\AndroidManifest.xml:74:25-79